
Collecting usage statistics. To deactivate, set browser.gatherUsageStats to false.

2026-07-02 07:17:20.511 Uvicorn server started on 0.0.0.0:8501

  You can now view your Streamlit app in your browser.

  Local URL: http://localhost:8501
  Network URL: http://10.2.33.146:8501
  External URL: http://35.224.240.213:8501

2026-07-02 07:17:46.723 `label` got an empty value. This is discouraged for accessibility reasons and may be disallowed in the future by raising an exception. Please provide a non-empty label and hide it with label_visibility if needed.
Stack (most recent call last):
  File "/usr/local/lib/python3.13/threading.py", line 1015, in _bootstrap
    self._bootstrap_inner()
  File "/usr/local/lib/python3.13/threading.py", line 1044, in _bootstrap_inner
    self.run()
  File "/usr/local/lib/python3.13/threading.py", line 995, in run
    self._target(*self._args, **self._kwargs)
  File "/home/openhands/.local/lib/python3.13/site-packages/streamlit/runtime/scriptrunner/script_runner.py", line 419, in _run_script_thread
    self._run_script(request.rerun_data)
  File "/home/openhands/.local/lib/python3.13/site-packages/streamlit/runtime/scriptrunner/script_runner.py", line 814, in _run_script
    ) = exec_func_with_error_handling(code_to_exec, ctx)
  File "/home/openhands/.local/lib/python3.13/site-packages/streamlit/runtime/scriptrunner/exec_code.py", line 129, in exec_func_with_error_handling
    result = func()
  File "/home/openhands/.local/lib/python3.13/site-packages/streamlit/runtime/scriptrunner/script_runner.py", line 789, in code_to_exec
    exec(code, module.__dict__)  # noqa: S102
  File "/workspace/project/app.py", line 475, in <module>
    main()
  File "/workspace/project/app.py", line 239, in main
    uploaded_file = st.file_uploader(
  File "/home/openhands/.local/lib/python3.13/site-packages/streamlit/runtime/metrics_util.py", line 698, in wrapped_func
    result = non_optional_func(*args, **kwargs)
  File "/home/openhands/.local/lib/python3.13/site-packages/streamlit/elements/widgets/file_uploader.py", line 483, in file_uploader
    return self._file_uploader(
  File "/home/openhands/.local/lib/python3.13/site-packages/streamlit/elements/widgets/file_uploader.py", line 535, in _file_uploader
    maybe_raise_label_warnings(label, label_visibility)
  File "/home/openhands/.local/lib/python3.13/site-packages/streamlit/elements/lib/policies.py", line 194, in maybe_raise_label_warnings
    _LOGGER.warning(
  Stopping...
